<?xml version="1.0" encoding="UTF-8"?>
<coverage generated="1773982765584" clover="3.2.0">
  <project timestamp="1773982765584" name="All files">
    <metrics statements="210" coveredstatements="174" conditionals="173" coveredconditionals="140" methods="66" coveredmethods="42" elements="449" coveredelements="356" complexity="0" loc="210" ncloc="210" packages="2" files="3" classes="3"/>
    <package name="components">
      <metrics statements="89" coveredstatements="74" conditionals="74" coveredconditionals="66" methods="27" coveredmethods="18"/>
      <file name="AuthModal.tsx" path="/Users/qdnguyen/dev/playground/bandiAI/frontend/src/components/AuthModal.tsx">
        <metrics statements="50" coveredstatements="44" conditionals="50" coveredconditionals="46" methods="14" coveredmethods="10"/>
        <line num="14" count="56" type="stmt"/>
        <line num="15" count="56" type="stmt"/>
        <line num="16" count="56" type="stmt"/>
        <line num="17" count="56" type="stmt"/>
        <line num="18" count="56" type="stmt"/>
        <line num="19" count="56" type="stmt"/>
        <line num="20" count="56" type="stmt"/>
        <line num="21" count="56" type="stmt"/>
        <line num="22" count="56" type="stmt"/>
        <line num="23" count="56" type="stmt"/>
        <line num="25" count="56" type="stmt"/>
        <line num="26" count="7" type="stmt"/>
        <line num="29" count="56" type="stmt"/>
        <line num="30" count="7" type="cond" truecount="2" falsecount="0"/>
        <line num="31" count="6" type="stmt"/>
        <line num="32" count="7" type="cond" truecount="2" falsecount="2"/>
        <line num="33" count="0" type="stmt"/>
        <line num="36" count="6" type="stmt"/>
        <line num="37" count="6" type="stmt"/>
        <line num="40" count="56" type="stmt"/>
        <line num="41" count="7" type="cond" truecount="2" falsecount="0"/>
        <line num="42" count="1" type="stmt"/>
        <line num="43" count="1" type="stmt"/>
        <line num="44" count="1" type="stmt"/>
        <line num="45" count="1" type="stmt"/>
        <line num="46" count="1" type="stmt"/>
        <line num="47" count="1" type="stmt"/>
        <line num="51" count="56" type="stmt"/>
        <line num="52" count="2" type="stmt"/>
        <line num="53" count="2" type="stmt"/>
        <line num="54" count="2" type="stmt"/>
        <line num="55" count="2" type="stmt"/>
        <line num="56" count="2" type="cond" truecount="1" falsecount="1"/>
        <line num="57" count="2" type="stmt"/>
        <line num="59" count="0" type="stmt"/>
        <line num="61" count="1" type="stmt"/>
        <line num="62" count="2" type="stmt"/>
        <line num="64" count="1" type="cond" truecount="1" falsecount="1"/>
        <line num="66" count="2" type="stmt"/>
        <line num="71" count="56" type="stmt"/>
        <line num="93" count="0" type="stmt"/>
        <line num="104" count="1" type="stmt"/>
        <line num="116" count="16" type="stmt"/>
        <line num="126" count="0" type="stmt"/>
        <line num="135" count="0" type="stmt"/>
        <line num="143" count="0" type="stmt"/>
        <line num="154" count="24" type="stmt"/>
        <line num="172" count="56" type="cond" truecount="2" falsecount="0"/>
        <line num="173" count="1" type="stmt"/>
        <line num="191" count="54" type="stmt"/>
      </file>
      <file name="CheckoutModal.tsx" path="/Users/qdnguyen/dev/playground/bandiAI/frontend/src/components/CheckoutModal.tsx">
        <metrics statements="39" coveredstatements="30" conditionals="24" coveredconditionals="20" methods="13" coveredmethods="8"/>
        <line num="13" count="9" type="stmt"/>
        <line num="14" count="9" type="stmt"/>
        <line num="15" count="9" type="stmt"/>
        <line num="16" count="9" type="stmt"/>
        <line num="17" count="9" type="stmt"/>
        <line num="18" count="9" type="stmt"/>
        <line num="20" count="9" type="cond" truecount="2" falsecount="0"/>
        <line num="22" count="9" type="stmt"/>
        <line num="23" count="6" type="cond" truecount="2" falsecount="0"/>
        <line num="24" count="5" type="stmt"/>
        <line num="25" count="2" type="cond" truecount="2" falsecount="2"/>
        <line num="26" count="0" type="stmt"/>
        <line num="29" count="5" type="stmt"/>
        <line num="30" count="5" type="stmt"/>
        <line num="33" count="9" type="stmt"/>
        <line num="34" count="6" type="cond" truecount="2" falsecount="0"/>
        <line num="35" count="1" type="stmt"/>
        <line num="36" count="1" type="stmt"/>
        <line num="37" count="1" type="stmt"/>
        <line num="38" count="1" type="stmt"/>
        <line num="39" count="1" type="stmt"/>
        <line num="43" count="9" type="stmt"/>
        <line num="44" count="0" type="stmt"/>
        <line num="45" count="0" type="stmt"/>
        <line num="48" count="9" type="stmt"/>
        <line num="49" count="0" type="stmt"/>
        <line num="50" count="0" type="cond" truecount="0" falsecount="2"/>
        <line num="51" count="0" type="stmt"/>
        <line num="54" count="9" type="stmt"/>
        <line num="55" count="1" type="stmt"/>
        <line num="57" count="1" type="stmt"/>
        <line num="58" count="1" type="stmt"/>
        <line num="59" count="1" type="stmt"/>
        <line num="60" count="1" type="stmt"/>
        <line num="61" count="1" type="stmt"/>
        <line num="65" count="9" type="stmt"/>
        <line num="159" count="0" type="stmt"/>
        <line num="171" count="0" type="stmt"/>
        <line num="182" count="0" type="stmt"/>
      </file>
    </package>
    <package name="pages">
      <metrics statements="121" coveredstatements="100" conditionals="99" coveredconditionals="74" methods="39" coveredmethods="24"/>
      <file name="AgentDetail.tsx" path="/Users/qdnguyen/dev/playground/bandiAI/frontend/src/pages/AgentDetail.tsx">
        <metrics statements="121" coveredstatements="100" conditionals="99" coveredconditionals="74" methods="39" coveredmethods="24"/>
        <line num="15" count="51" type="cond" truecount="2" falsecount="0"/>
        <line num="16" count="51" type="stmt"/>
        <line num="19" count="255" type="cond" truecount="2" falsecount="0"/>
        <line num="29" count="98" type="stmt"/>
        <line num="30" count="98" type="stmt"/>
        <line num="31" count="98" type="stmt"/>
        <line num="32" count="98" type="stmt"/>
        <line num="33" count="98" type="stmt"/>
        <line num="34" count="98" type="stmt"/>
        <line num="35" count="98" type="stmt"/>
        <line num="36" count="98" type="stmt"/>
        <line num="37" count="98" type="stmt"/>
        <line num="38" count="98" type="stmt"/>
        <line num="39" count="98" type="stmt"/>
        <line num="40" count="98" type="stmt"/>
        <line num="41" count="98" type="stmt"/>
        <line num="42" count="98" type="stmt"/>
        <line num="43" count="98" type="stmt"/>
        <line num="44" count="98" type="stmt"/>
        <line num="47" count="98" type="stmt"/>
        <line num="48" count="98" type="stmt"/>
        <line num="49" count="98" type="stmt"/>
        <line num="50" count="98" type="stmt"/>
        <line num="51" count="98" type="stmt"/>
        <line num="53" count="98" type="stmt"/>
        <line num="54" count="19" type="cond" truecount="2" falsecount="0"/>
        <line num="55" count="1" type="stmt"/>
        <line num="56" count="0" type="cond" truecount="0" falsecount="4"/>
        <line num="57" count="0" type="stmt"/>
        <line num="60" count="1" type="stmt"/>
        <line num="61" count="1" type="stmt"/>
        <line num="64" count="98" type="stmt"/>
        <line num="65" count="18" type="cond" truecount="1" falsecount="1"/>
        <line num="66" count="18" type="stmt"/>
        <line num="70" count="0" type="stmt"/>
        <line num="71" count="0" type="cond" truecount="0" falsecount="2"/>
        <line num="72" count="0" type="stmt"/>
        <line num="74" count="17" type="stmt"/>
        <line num="77" count="98" type="stmt"/>
        <line num="78" count="36" type="cond" truecount="2" falsecount="0"/>
        <line num="79" count="18" type="stmt"/>
        <line num="80" count="18" type="stmt"/>
        <line num="83" count="18" type="stmt"/>
        <line num="87" count="98" type="stmt"/>
        <line num="88" count="35" type="cond" truecount="4" falsecount="0"/>
        <line num="89" count="24" type="stmt"/>
        <line num="90" count="24" type="stmt"/>
        <line num="92" count="11" type="stmt"/>
        <line num="94" count="0" type="stmt"/>
        <line num="97" count="98" type="stmt"/>
        <line num="98" count="1" type="stmt"/>
        <line num="99" count="1" type="stmt"/>
        <line num="102" count="98" type="stmt"/>
        <line num="103" count="5" type="cond" truecount="1" falsecount="1"/>
        <line num="106" count="5" type="cond" truecount="2" falsecount="0"/>
        <line num="107" count="2" type="stmt"/>
        <line num="108" count="2" type="stmt"/>
        <line num="109" count="2" type="stmt"/>
        <line num="112" count="3" type="stmt"/>
        <line num="115" count="98" type="stmt"/>
        <line num="116" count="4" type="cond" truecount="1" falsecount="1"/>
        <line num="117" count="4" type="stmt"/>
        <line num="118" count="4" type="stmt"/>
        <line num="119" count="4" type="stmt"/>
        <line num="120" count="4" type="cond" truecount="2" falsecount="0"/>
        <line num="122" count="1" type="stmt"/>
        <line num="123" count="1" type="stmt"/>
        <line num="125" count="3" type="cond" truecount="2" falsecount="0"/>
        <line num="126" count="1" type="stmt"/>
        <line num="128" count="1" type="stmt"/>
        <line num="131" count="2" type="stmt"/>
        <line num="132" count="2" type="stmt"/>
        <line num="135" count="0" type="cond" truecount="0" falsecount="2"/>
        <line num="137" count="4" type="stmt"/>
        <line num="141" count="98" type="stmt"/>
        <line num="142" count="1" type="cond" truecount="1" falsecount="1"/>
        <line num="143" count="1" type="stmt"/>
        <line num="144" count="1" type="stmt"/>
        <line num="145" count="1" type="stmt"/>
        <line num="149" count="98" type="stmt"/>
        <line num="150" count="1" type="cond" truecount="3" falsecount="1"/>
        <line num="151" count="1" type="cond" truecount="1" falsecount="1"/>
        <line num="152" count="0" type="stmt"/>
        <line num="153" count="0" type="stmt"/>
        <line num="155" count="1" type="stmt"/>
        <line num="156" count="1" type="stmt"/>
        <line num="157" count="1" type="stmt"/>
        <line num="158" count="1" type="stmt"/>
        <line num="159" count="1" type="stmt"/>
        <line num="160" count="1" type="stmt"/>
        <line num="162" count="0" type="cond" truecount="0" falsecount="2"/>
        <line num="164" count="1" type="stmt"/>
        <line num="168" count="98" type="cond" truecount="2" falsecount="0"/>
        <line num="169" count="30" type="stmt"/>
        <line num="176" count="67" type="cond" truecount="1" falsecount="1"/>
        <line num="178" count="67" type="stmt"/>
        <line num="183" count="1" type="stmt"/>
        <line num="258" count="402" type="stmt"/>
        <line num="301" count="3" type="stmt"/>
        <line num="310" count="1" type="stmt"/>
        <line num="320" count="1" type="stmt"/>
        <line num="369" count="0" type="stmt"/>
        <line num="378" count="0" type="stmt"/>
        <line num="435" count="22" type="stmt"/>
        <line num="482" count="0" type="stmt"/>
        <line num="491" count="0" type="stmt"/>
        <line num="493" count="0" type="stmt"/>
        <line num="494" count="0" type="stmt"/>
        <line num="495" count="0" type="cond" truecount="0" falsecount="2"/>
        <line num="516" count="5" type="stmt"/>
        <line num="519" count="5" type="stmt"/>
        <line num="520" count="5" type="stmt"/>
        <line num="521" count="15" type="cond" truecount="5" falsecount="1"/>
        <line num="522" count="15" type="stmt"/>
        <line num="523" count="0" type="cond" truecount="0" falsecount="2"/>
        <line num="524" count="0" type="stmt"/>
        <line num="528" count="5" type="stmt"/>
        <line num="532" count="0" type="stmt"/>
        <line num="541" count="15" type="cond" truecount="1" falsecount="1"/>
        <line num="546" count="1" type="stmt"/>
        <line num="570" count="0" type="stmt"/>
      </file>
    </package>
  </project>
</coverage>
