{"/Users/qdnguyen/dev/playground/bandiAI/frontend/src/components/AuthModal.tsx": {"path":"/Users/qdnguyen/dev/playground/bandiAI/frontend/src/components/AuthModal.tsx","statementMap":{"0":{"start":{"line":14,"column":17},"end":{"line":14,"column":39}},"1":{"start":{"line":15,"column":14},"end":{"line":15,"column":64}},"2":{"start":{"line":16,"column":16},"end":{"line":16,"column":40}},"3":{"start":{"line":17,"column":19},"end":{"line":17,"column":46}},"4":{"start":{"line":18,"column":19},"end":{"line":18,"column":46}},"5":{"start":{"line":19,"column":20},"end":{"line":19,"column":48}},"6":{"start":{"line":20,"column":19},"end":{"line":20,"column":46}},"7":{"start":{"line":21,"column":16},"end":{"line":21,"column":40}},"8":{"start":{"line":22,"column":21},"end":{"line":22,"column":53}},"9":{"start":{"line":23,"column":8},"end":{"line":23,"column":42}},"10":{"start":{"line":25,"column":2},"end":{"line":27,"column":null}},"11":{"start":{"line":26,"column":4},"end":{"line":26,"column":null}},"12":{"start":{"line":29,"column":2},"end":{"line":38,"column":null}},"13":{"start":{"line":30,"column":4},"end":{"line":30,"column":null}},"14":{"start":{"line":30,"column":15},"end":{"line":30,"column":null}},"15":{"start":{"line":31,"column":10},"end":{"line":33,"column":null}},"16":{"start":{"line":32,"column":6},"end":{"line":33,"column":null}},"17":{"start":{"line":33,"column":8},"end":{"line":33,"column":null}},"18":{"start":{"line":36,"column":4},"end":{"line":36,"column":null}},"19":{"start":{"line":37,"column":4},"end":{"line":37,"column":null}},"20":{"start":{"line":37,"column":17},"end":{"line":37,"column":71}},"21":{"start":{"line":40,"column":2},"end":{"line":49,"column":null}},"22":{"start":{"line":41,"column":4},"end":{"line":47,"column":null}},"23":{"start":{"line":42,"column":6},"end":{"line":42,"column":null}},"24":{"start":{"line":43,"column":6},"end":{"line":43,"column":null}},"25":{"start":{"line":44,"column":6},"end":{"line":44,"column":null}},"26":{"start":{"line":45,"column":6},"end":{"line":45,"column":null}},"27":{"start":{"line":46,"column":6},"end":{"line":46,"column":null}},"28":{"start":{"line":47,"column":6},"end":{"line":47,"column":null}},"29":{"start":{"line":51,"column":23},"end":{"line":66,"column":null}},"30":{"start":{"line":52,"column":4},"end":{"line":52,"column":null}},"31":{"start":{"line":53,"column":4},"end":{"line":53,"column":null}},"32":{"start":{"line":54,"column":4},"end":{"line":54,"column":null}},"33":{"start":{"line":55,"column":4},"end":{"line":66,"column":null}},"34":{"start":{"line":56,"column":6},"end":{"line":59,"column":null}},"35":{"start":{"line":57,"column":8},"end":{"line":57,"column":null}},"36":{"start":{"line":59,"column":8},"end":{"line":59,"column":null}},"37":{"start":{"line":61,"column":6},"end":{"line":61,"column":null}},"38":{"start":{"line":62,"column":6},"end":{"line":62,"column":null}},"39":{"start":{"line":64,"column":6},"end":{"line":64,"column":null}},"40":{"start":{"line":66,"column":6},"end":{"line":66,"column":null}},"41":{"start":{"line":71,"column":4},"end":{"line":167,"column":null}},"42":{"start":{"line":93,"column":27},"end":{"line":93,"column":44}},"43":{"start":{"line":93,"column":44},"end":{"line":93,"column":null}},"44":{"start":{"line":104,"column":27},"end":{"line":104,"column":45}},"45":{"start":{"line":104,"column":45},"end":{"line":104,"column":null}},"46":{"start":{"line":116,"column":25},"end":{"line":116,"column":52}},"47":{"start":{"line":126,"column":29},"end":{"line":126,"column":53}},"48":{"start":{"line":135,"column":31},"end":{"line":135,"column":59}},"49":{"start":{"line":143,"column":31},"end":{"line":143,"column":58}},"50":{"start":{"line":154,"column":25},"end":{"line":154,"column":52}},"51":{"start":{"line":172,"column":2},"end":{"line":187,"column":null}},"52":{"start":{"line":173,"column":4},"end":{"line":187,"column":null}},"53":{"start":{"line":191,"column":2},"end":{"line":194,"column":null}}},"fnMap":{"0":{"name":"AuthModal","decl":{"start":{"line":13,"column":24},"end":{"line":13,"column":34}},"loc":{"start":{"line":13,"column":111},"end":{"line":194,"column":null}},"line":13},"1":{"name":"(anonymous_1)","decl":{"start":{"line":25,"column":2},"end":{"line":25,"column":18}},"loc":{"start":{"line":25,"column":18},"end":{"line":27,"column":6}},"line":25},"2":{"name":"(anonymous_2)","decl":{"start":{"line":29,"column":2},"end":{"line":29,"column":18}},"loc":{"start":{"line":29,"column":18},"end":{"line":38,"column":6}},"line":29},"3":{"name":"(anonymous_3)","decl":{"start":{"line":31,"column":10},"end":{"line":31,"column":25}},"loc":{"start":{"line":31,"column":43},"end":{"line":33,"column":null}},"line":31},"4":{"name":"(anonymous_4)","decl":{"start":{"line":37,"column":4},"end":{"line":37,"column":17}},"loc":{"start":{"line":37,"column":17},"end":{"line":37,"column":71}},"line":37},"5":{"name":"(anonymous_5)","decl":{"start":{"line":40,"column":2},"end":{"line":40,"column":18}},"loc":{"start":{"line":40,"column":18},"end":{"line":49,"column":6}},"line":40},"6":{"name":"(anonymous_6)","decl":{"start":{"line":51,"column":23},"end":{"line":51,"column":30}},"loc":{"start":{"line":51,"column":53},"end":{"line":66,"column":null}},"line":51},"7":{"name":"(anonymous_7)","decl":{"start":{"line":93,"column":10},"end":{"line":93,"column":25}},"loc":{"start":{"line":93,"column":25},"end":{"line":93,"column":null}},"line":93},"8":{"name":"(anonymous_8)","decl":{"start":{"line":104,"column":10},"end":{"line":104,"column":25}},"loc":{"start":{"line":104,"column":25},"end":{"line":104,"column":null}},"line":104},"9":{"name":"(anonymous_9)","decl":{"start":{"line":116,"column":10},"end":{"line":116,"column":20}},"loc":{"start":{"line":116,"column":25},"end":{"line":116,"column":52}},"line":116},"10":{"name":"(anonymous_10)","decl":{"start":{"line":126,"column":14},"end":{"line":126,"column":24}},"loc":{"start":{"line":126,"column":29},"end":{"line":126,"column":53}},"line":126},"11":{"name":"(anonymous_11)","decl":{"start":{"line":135,"column":16},"end":{"line":135,"column":26}},"loc":{"start":{"line":135,"column":31},"end":{"line":135,"column":59}},"line":135},"12":{"name":"(anonymous_12)","decl":{"start":{"line":143,"column":16},"end":{"line":143,"column":26}},"loc":{"start":{"line":143,"column":31},"end":{"line":143,"column":58}},"line":143},"13":{"name":"(anonymous_13)","decl":{"start":{"line":154,"column":10},"end":{"line":154,"column":20}},"loc":{"start":{"line":154,"column":25},"end":{"line":154,"column":52}},"line":154}},"branchMap":{"0":{"loc":{"start":{"line":13,"column":51},"end":{"line":13,"column":73}},"type":"default-arg","locations":[{"start":{"line":13,"column":64},"end":{"line":13,"column":73}}],"line":13},"1":{"loc":{"start":{"line":13,"column":73},"end":{"line":13,"column":91}},"type":"default-arg","locations":[{"start":{"line":13,"column":84},"end":{"line":13,"column":91}}],"line":13},"2":{"loc":{"start":{"line":30,"column":4},"end":{"line":30,"column":null}},"type":"if","locations":[{"start":{"line":30,"column":4},"end":{"line":30,"column":null}},{"start":{},"end":{}}],"line":30},"3":{"loc":{"start":{"line":32,"column":6},"end":{"line":33,"column":null}},"type":"if","locations":[{"start":{"line":32,"column":6},"end":{"line":33,"column":null}},{"start":{},"end":{}}],"line":32},"4":{"loc":{"start":{"line":32,"column":10},"end":{"line":32,"column":64}},"type":"binary-expr","locations":[{"start":{"line":32,"column":10},"end":{"line":32,"column":25}},{"start":{"line":32,"column":25},"end":{"line":32,"column":64}}],"line":32},"5":{"loc":{"start":{"line":41,"column":4},"end":{"line":47,"column":null}},"type":"if","locations":[{"start":{"line":41,"column":4},"end":{"line":47,"column":null}},{"start":{},"end":{}}],"line":41},"6":{"loc":{"start":{"line":56,"column":6},"end":{"line":59,"column":null}},"type":"if","locations":[{"start":{"line":56,"column":6},"end":{"line":59,"column":null}},{"start":{"line":58,"column":13},"end":{"line":59,"column":null}}],"line":56},"7":{"loc":{"start":{"line":64,"column":15},"end":{"line":64,"column":75}},"type":"cond-expr","locations":[{"start":{"line":64,"column":38},"end":{"line":64,"column":52}},{"start":{"line":64,"column":52},"end":{"line":64,"column":75}}],"line":64},"8":{"loc":{"start":{"line":73,"column":32},"end":{"line":73,"column":51}},"type":"cond-expr","locations":[{"start":{"line":73,"column":43},"end":{"line":73,"column":47}},{"start":{"line":73,"column":47},"end":{"line":73,"column":51}}],"line":73},"9":{"loc":{"start":{"line":73,"column":58},"end":{"line":73,"column":79}},"type":"cond-expr","locations":[{"start":{"line":73,"column":69},"end":{"line":73,"column":76}},{"start":{"line":73,"column":76},"end":{"line":73,"column":79}}],"line":73},"10":{"loc":{"start":{"line":75,"column":29},"end":{"line":75,"column":48}},"type":"cond-expr","locations":[{"start":{"line":75,"column":40},"end":{"line":75,"column":44}},{"start":{"line":75,"column":44},"end":{"line":75,"column":48}}],"line":75},"11":{"loc":{"start":{"line":75,"column":55},"end":{"line":75,"column":76}},"type":"cond-expr","locations":[{"start":{"line":75,"column":66},"end":{"line":75,"column":73}},{"start":{"line":75,"column":73},"end":{"line":75,"column":76}}],"line":75},"12":{"loc":{"start":{"line":77,"column":17},"end":{"line":77,"column":null}},"type":"cond-expr","locations":[{"start":{"line":77,"column":28},"end":{"line":77,"column":69}},{"start":{"line":77,"column":69},"end":{"line":77,"column":null}}],"line":77},"13":{"loc":{"start":{"line":89,"column":19},"end":{"line":89,"column":null}},"type":"cond-expr","locations":[{"start":{"line":89,"column":37},"end":{"line":89,"column":49}},{"start":{"line":89,"column":49},"end":{"line":89,"column":null}}],"line":89},"14":{"loc":{"start":{"line":90,"column":26},"end":{"line":90,"column":null}},"type":"cond-expr","locations":[{"start":{"line":90,"column":44},"end":{"line":90,"column":66}},{"start":{"line":90,"column":66},"end":{"line":90,"column":null}}],"line":90},"15":{"loc":{"start":{"line":91,"column":24},"end":{"line":91,"column":null}},"type":"cond-expr","locations":[{"start":{"line":91,"column":42},"end":{"line":91,"column":62}},{"start":{"line":91,"column":62},"end":{"line":91,"column":null}}],"line":91},"16":{"loc":{"start":{"line":100,"column":19},"end":{"line":100,"column":null}},"type":"cond-expr","locations":[{"start":{"line":100,"column":38},"end":{"line":100,"column":50}},{"start":{"line":100,"column":50},"end":{"line":100,"column":null}}],"line":100},"17":{"loc":{"start":{"line":101,"column":26},"end":{"line":101,"column":null}},"type":"cond-expr","locations":[{"start":{"line":101,"column":45},"end":{"line":101,"column":67}},{"start":{"line":101,"column":67},"end":{"line":101,"column":null}}],"line":101},"18":{"loc":{"start":{"line":102,"column":24},"end":{"line":102,"column":null}},"type":"cond-expr","locations":[{"start":{"line":102,"column":43},"end":{"line":102,"column":63}},{"start":{"line":102,"column":63},"end":{"line":102,"column":null}}],"line":102},"19":{"loc":{"start":{"line":120,"column":9},"end":{"line":148,"column":null}},"type":"binary-expr","locations":[{"start":{"line":120,"column":9},"end":{"line":120,"column":null}},{"start":{"line":121,"column":10},"end":{"line":148,"column":null}}],"line":120},"20":{"loc":{"start":{"line":159,"column":9},"end":{"line":162,"column":null}},"type":"binary-expr","locations":[{"start":{"line":159,"column":9},"end":{"line":159,"column":null}},{"start":{"line":160,"column":10},"end":{"line":162,"column":null}}],"line":159},"21":{"loc":{"start":{"line":166,"column":11},"end":{"line":166,"column":null}},"type":"cond-expr","locations":[{"start":{"line":166,"column":24},"end":{"line":166,"column":43}},{"start":{"line":166,"column":43},"end":{"line":166,"column":null}}],"line":166},"22":{"loc":{"start":{"line":166,"column":43},"end":{"line":166,"column":null}},"type":"cond-expr","locations":[{"start":{"line":166,"column":61},"end":{"line":166,"column":71}},{"start":{"line":166,"column":71},"end":{"line":166,"column":null}}],"line":166},"23":{"loc":{"start":{"line":172,"column":2},"end":{"line":187,"column":null}},"type":"if","locations":[{"start":{"line":172,"column":2},"end":{"line":187,"column":null}},{"start":{},"end":{}}],"line":172},"24":{"loc":{"start":{"line":175,"column":9},"end":{"line":187,"column":null}},"type":"binary-expr","locations":[{"start":{"line":175,"column":9},"end":{"line":175,"column":null}},{"start":{"line":176,"column":10},"end":{"line":187,"column":null}}],"line":175},"25":{"loc":{"start":{"line":193,"column":7},"end":{"line":193,"column":null}},"type":"binary-expr","locations":[{"start":{"line":193,"column":7},"end":{"line":193,"column":15}},{"start":{"line":193,"column":15},"end":{"line":193,"column":null}}],"line":193}},"s":{"0":56,"1":56,"2":56,"3":56,"4":56,"5":56,"6":56,"7":56,"8":56,"9":56,"10":56,"11":7,"12":56,"13":7,"14":1,"15":6,"16":7,"17":0,"18":6,"19":6,"20":6,"21":56,"22":7,"23":1,"24":1,"25":1,"26":1,"27":1,"28":1,"29":56,"30":2,"31":2,"32":2,"33":2,"34":2,"35":2,"36":0,"37":1,"38":2,"39":1,"40":2,"41":56,"42":0,"43":0,"44":1,"45":1,"46":16,"47":0,"48":0,"49":0,"50":24,"51":56,"52":1,"53":54},"f":{"0":56,"1":7,"2":7,"3":7,"4":6,"5":7,"6":2,"7":0,"8":1,"9":16,"10":0,"11":0,"12":0,"13":24},"b":{"0":[56],"1":[56],"2":[1,6],"3":[0,7],"4":[7,0],"5":[1,6],"6":[2,0],"7":[1,0],"8":[1,54],"9":[1,54],"10":[1,54],"11":[1,54],"12":[1,54],"13":[53,2],"14":[53,2],"15":[53,2],"16":[2,53],"17":[2,53],"18":[2,53],"19":[56,2],"20":[56,1],"21":[2,53],"22":[51,2],"23":[1,55],"24":[1,1],"25":[54,53]},"meta":{"lastBranch":26,"lastFunction":14,"lastStatement":54,"seen":{"f:13:24:13:34":0,"b:13:64:13:73":0,"b:13:84:13:91":1,"s:14:17:14:39":0,"s:15:14:15:64":1,"s:16:16:16:40":2,"s:17:19:17:46":3,"s:18:19:18:46":4,"s:19:20:19:48":5,"s:20:19:20:46":6,"s:21:16:21:40":7,"s:22:21:22:53":8,"s:23:8:23:42":9,"s:25:2:27:Infinity":10,"f:25:2:25:18":1,"s:26:4:26:Infinity":11,"s:29:2:38:Infinity":12,"f:29:2:29:18":2,"b:30:4:30:Infinity:undefined:undefined:undefined:undefined":2,"s:30:4:30:Infinity":13,"s:30:15:30:Infinity":14,"s:31:10:33:Infinity":15,"f:31:10:31:25":3,"b:32:6:33:Infinity:undefined:undefined:undefined:undefined":3,"s:32:6:33:Infinity":16,"b:32:10:32:25:32:25:32:64":4,"s:33:8:33:Infinity":17,"s:36:4:36:Infinity":18,"s:37:4:37:Infinity":19,"f:37:4:37:17":4,"s:37:17:37:71":20,"s:40:2:49:Infinity":21,"f:40:2:40:18":5,"b:41:4:47:Infinity:undefined:undefined:undefined:undefined":5,"s:41:4:47:Infinity":22,"s:42:6:42:Infinity":23,"s:43:6:43:Infinity":24,"s:44:6:44:Infinity":25,"s:45:6:45:Infinity":26,"s:46:6:46:Infinity":27,"s:47:6:47:Infinity":28,"s:51:23:66:Infinity":29,"f:51:23:51:30":6,"s:52:4:52:Infinity":30,"s:53:4:53:Infinity":31,"s:54:4:54:Infinity":32,"s:55:4:66:Infinity":33,"b:56:6:59:Infinity:58:13:59:Infinity":6,"s:56:6:59:Infinity":34,"s:57:8:57:Infinity":35,"s:59:8:59:Infinity":36,"s:61:6:61:Infinity":37,"s:62:6:62:Infinity":38,"s:64:6:64:Infinity":39,"b:64:38:64:52:64:52:64:75":7,"s:66:6:66:Infinity":40,"s:71:4:167:Infinity":41,"b:73:43:73:47:73:47:73:51":8,"b:73:69:73:76:73:76:73:79":9,"b:75:40:75:44:75:44:75:48":10,"b:75:66:75:73:75:73:75:76":11,"b:77:28:77:69:77:69:77:Infinity":12,"b:89:37:89:49:89:49:89:Infinity":13,"b:90:44:90:66:90:66:90:Infinity":14,"b:91:42:91:62:91:62:91:Infinity":15,"f:93:10:93:25":7,"s:93:27:93:44":42,"s:93:44:93:Infinity":43,"b:100:38:100:50:100:50:100:Infinity":16,"b:101:45:101:67:101:67:101:Infinity":17,"b:102:43:102:63:102:63:102:Infinity":18,"f:104:10:104:25":8,"s:104:27:104:45":44,"s:104:45:104:Infinity":45,"f:116:10:116:20":9,"s:116:25:116:52":46,"b:120:9:120:Infinity:121:10:148:Infinity":19,"f:126:14:126:24":10,"s:126:29:126:53":47,"f:135:16:135:26":11,"s:135:31:135:59":48,"f:143:16:143:26":12,"s:143:31:143:58":49,"f:154:10:154:20":13,"s:154:25:154:52":50,"b:159:9:159:Infinity:160:10:162:Infinity":20,"b:166:24:166:43:166:43:166:Infinity":21,"b:166:61:166:71:166:71:166:Infinity":22,"b:172:2:187:Infinity:undefined:undefined:undefined:undefined":23,"s:172:2:187:Infinity":51,"s:173:4:187:Infinity":52,"b:175:9:175:Infinity:176:10:187:Infinity":24,"s:191:2:194:Infinity":53,"b:193:7:193:15:193:15:193:Infinity":25}}}
,"/Users/qdnguyen/dev/playground/bandiAI/frontend/src/components/CheckoutModal.tsx": {"path":"/Users/qdnguyen/dev/playground/bandiAI/frontend/src/components/CheckoutModal.tsx","statementMap":{"0":{"start":{"line":13,"column":21},"end":{"line":13,"column":50}},"1":{"start":{"line":14,"column":17},"end":{"line":14,"column":42}},"2":{"start":{"line":15,"column":14},"end":{"line":15,"column":36}},"3":{"start":{"line":16,"column":21},"end":{"line":16,"column":53}},"4":{"start":{"line":17,"column":18},"end":{"line":17,"column":47}},"5":{"start":{"line":18,"column":8},"end":{"line":18,"column":42}},"6":{"start":{"line":20,"column":16},"end":{"line":20,"column":null}},"7":{"start":{"line":22,"column":2},"end":{"line":31,"column":null}},"8":{"start":{"line":23,"column":4},"end":{"line":23,"column":null}},"9":{"start":{"line":23,"column":15},"end":{"line":23,"column":null}},"10":{"start":{"line":24,"column":10},"end":{"line":26,"column":null}},"11":{"start":{"line":25,"column":6},"end":{"line":26,"column":null}},"12":{"start":{"line":26,"column":8},"end":{"line":26,"column":null}},"13":{"start":{"line":29,"column":4},"end":{"line":29,"column":null}},"14":{"start":{"line":30,"column":4},"end":{"line":30,"column":null}},"15":{"start":{"line":30,"column":17},"end":{"line":30,"column":71}},"16":{"start":{"line":33,"column":2},"end":{"line":41,"column":null}},"17":{"start":{"line":34,"column":4},"end":{"line":39,"column":null}},"18":{"start":{"line":35,"column":6},"end":{"line":35,"column":null}},"19":{"start":{"line":36,"column":6},"end":{"line":36,"column":null}},"20":{"start":{"line":37,"column":6},"end":{"line":37,"column":null}},"21":{"start":{"line":38,"column":6},"end":{"line":38,"column":null}},"22":{"start":{"line":39,"column":6},"end":{"line":39,"column":null}},"23":{"start":{"line":43,"column":8},"end":{"line":45,"column":null}},"24":{"start":{"line":44,"column":19},"end":{"line":44,"column":54}},"25":{"start":{"line":45,"column":4},"end":{"line":45,"column":null}},"26":{"start":{"line":48,"column":8},"end":{"line":51,"column":null}},"27":{"start":{"line":49,"column":19},"end":{"line":49,"column":53}},"28":{"start":{"line":50,"column":4},"end":{"line":50,"column":null}},"29":{"start":{"line":50,"column":28},"end":{"line":50,"column":null}},"30":{"start":{"line":51,"column":4},"end":{"line":51,"column":null}},"31":{"start":{"line":54,"column":20},"end":{"line":62,"column":null}},"32":{"start":{"line":55,"column":4},"end":{"line":55,"column":null}},"33":{"start":{"line":57,"column":4},"end":{"line":57,"column":null}},"34":{"start":{"line":57,"column":27},"end":{"line":57,"column":46}},"35":{"start":{"line":58,"column":4},"end":{"line":58,"column":null}},"36":{"start":{"line":59,"column":4},"end":{"line":59,"column":null}},"37":{"start":{"line":60,"column":4},"end":{"line":62,"column":null}},"38":{"start":{"line":61,"column":6},"end":{"line":61,"column":null}},"39":{"start":{"line":65,"column":2},"end":{"line":215,"column":null}},"40":{"start":{"line":159,"column":37},"end":{"line":159,"column":84}},"41":{"start":{"line":171,"column":39},"end":{"line":171,"column":78}},"42":{"start":{"line":182,"column":39},"end":{"line":182,"column":92}}},"fnMap":{"0":{"name":"CheckoutModal","decl":{"start":{"line":12,"column":24},"end":{"line":12,"column":38}},"loc":{"start":{"line":12,"column":96},"end":{"line":215,"column":null}},"line":12},"1":{"name":"(anonymous_1)","decl":{"start":{"line":22,"column":2},"end":{"line":22,"column":18}},"loc":{"start":{"line":22,"column":18},"end":{"line":31,"column":6}},"line":22},"2":{"name":"(anonymous_2)","decl":{"start":{"line":24,"column":10},"end":{"line":24,"column":25}},"loc":{"start":{"line":24,"column":43},"end":{"line":26,"column":null}},"line":24},"3":{"name":"(anonymous_3)","decl":{"start":{"line":30,"column":4},"end":{"line":30,"column":17}},"loc":{"start":{"line":30,"column":17},"end":{"line":30,"column":71}},"line":30},"4":{"name":"(anonymous_4)","decl":{"start":{"line":33,"column":2},"end":{"line":33,"column":18}},"loc":{"start":{"line":33,"column":18},"end":{"line":41,"column":6}},"line":33},"5":{"name":"(anonymous_5)","decl":{"start":{"line":43,"column":8},"end":{"line":43,"column":28}},"loc":{"start":{"line":43,"column":44},"end":{"line":45,"column":null}},"line":43},"6":{"name":"(anonymous_6)","decl":{"start":{"line":48,"column":8},"end":{"line":48,"column":24}},"loc":{"start":{"line":48,"column":40},"end":{"line":51,"column":null}},"line":48},"7":{"name":"(anonymous_7)","decl":{"start":{"line":54,"column":20},"end":{"line":54,"column":32}},"loc":{"start":{"line":54,"column":32},"end":{"line":62,"column":null}},"line":54},"8":{"name":"(anonymous_8)","decl":{"start":{"line":57,"column":14},"end":{"line":57,"column":22}},"loc":{"start":{"line":57,"column":27},"end":{"line":57,"column":46}},"line":57},"9":{"name":"(anonymous_9)","decl":{"start":{"line":60,"column":4},"end":{"line":60,"column":21}},"loc":{"start":{"line":60,"column":21},"end":{"line":62,"column":12}},"line":60},"10":{"name":"(anonymous_10)","decl":{"start":{"line":159,"column":22},"end":{"line":159,"column":32}},"loc":{"start":{"line":159,"column":37},"end":{"line":159,"column":84}},"line":159},"11":{"name":"(anonymous_11)","decl":{"start":{"line":171,"column":24},"end":{"line":171,"column":34}},"loc":{"start":{"line":171,"column":39},"end":{"line":171,"column":78}},"line":171},"12":{"name":"(anonymous_12)","decl":{"start":{"line":182,"column":24},"end":{"line":182,"column":34}},"loc":{"start":{"line":182,"column":39},"end":{"line":182,"column":92}},"line":182}},"branchMap":{"0":{"loc":{"start":{"line":20,"column":16},"end":{"line":20,"column":null}},"type":"cond-expr","locations":[{"start":{"line":20,"column":42},"end":{"line":20,"column":62}},{"start":{"line":20,"column":62},"end":{"line":20,"column":null}}],"line":20},"1":{"loc":{"start":{"line":23,"column":4},"end":{"line":23,"column":null}},"type":"if","locations":[{"start":{"line":23,"column":4},"end":{"line":23,"column":null}},{"start":{},"end":{}}],"line":23},"2":{"loc":{"start":{"line":25,"column":6},"end":{"line":26,"column":null}},"type":"if","locations":[{"start":{"line":25,"column":6},"end":{"line":26,"column":null}},{"start":{},"end":{}}],"line":25},"3":{"loc":{"start":{"line":25,"column":10},"end":{"line":25,"column":64}},"type":"binary-expr","locations":[{"start":{"line":25,"column":10},"end":{"line":25,"column":25}},{"start":{"line":25,"column":25},"end":{"line":25,"column":64}}],"line":25},"4":{"loc":{"start":{"line":34,"column":4},"end":{"line":39,"column":null}},"type":"if","locations":[{"start":{"line":34,"column":4},"end":{"line":39,"column":null}},{"start":{},"end":{}}],"line":34},"5":{"loc":{"start":{"line":50,"column":4},"end":{"line":50,"column":null}},"type":"if","locations":[{"start":{"line":50,"column":4},"end":{"line":50,"column":null}},{"start":{},"end":{}}],"line":50},"6":{"loc":{"start":{"line":67,"column":7},"end":{"line":215,"column":null}},"type":"binary-expr","locations":[{"start":{"line":67,"column":7},"end":{"line":67,"column":null}},{"start":{"line":68,"column":8},"end":{"line":215,"column":null}}],"line":67},"7":{"loc":{"start":{"line":101,"column":21},"end":{"line":101,"column":null}},"type":"cond-expr","locations":[{"start":{"line":101,"column":47},"end":{"line":101,"column":66}},{"start":{"line":101,"column":66},"end":{"line":101,"column":null}}],"line":101},"8":{"loc":{"start":{"line":113,"column":13},"end":{"line":209,"column":null}},"type":"cond-expr","locations":[{"start":{"line":114,"column":14},"end":{"line":131,"column":15}},{"start":{"line":131,"column":14},"end":{"line":209,"column":null}}],"line":113},"9":{"loc":{"start":{"line":195,"column":32},"end":{"line":195,"column":null}},"type":"cond-expr","locations":[{"start":{"line":195,"column":45},"end":{"line":195,"column":70}},{"start":{"line":195,"column":70},"end":{"line":195,"column":null}}],"line":195},"10":{"loc":{"start":{"line":198,"column":31},"end":{"line":198,"column":null}},"type":"cond-expr","locations":[{"start":{"line":198,"column":44},"end":{"line":198,"column":53}},{"start":{"line":198,"column":53},"end":{"line":198,"column":null}}],"line":198},"11":{"loc":{"start":{"line":201,"column":19},"end":{"line":201,"column":null}},"type":"cond-expr","locations":[{"start":{"line":201,"column":32},"end":{"line":201,"column":50}},{"start":{"line":201,"column":50},"end":{"line":201,"column":null}}],"line":201}},"s":{"0":9,"1":9,"2":9,"3":9,"4":9,"5":9,"6":9,"7":9,"8":6,"9":1,"10":5,"11":2,"12":0,"13":5,"14":5,"15":5,"16":9,"17":6,"18":1,"19":1,"20":1,"21":1,"22":1,"23":9,"24":0,"25":0,"26":9,"27":0,"28":0,"29":0,"30":0,"31":9,"32":1,"33":1,"34":1,"35":1,"36":1,"37":1,"38":1,"39":9,"40":0,"41":0,"42":0},"f":{"0":9,"1":6,"2":2,"3":5,"4":6,"5":0,"6":0,"7":1,"8":1,"9":1,"10":0,"11":0,"12":0},"b":{"0":[1,7],"1":[1,5],"2":[0,2],"3":[2,0],"4":[1,5],"5":[0,0],"6":[9,7],"7":[1,6],"8":[1,6],"9":[1,5],"10":[1,5],"11":[1,5]},"meta":{"lastBranch":12,"lastFunction":13,"lastStatement":43,"seen":{"f:12:24:12:38":0,"s:13:21:13:50":0,"s:14:17:14:42":1,"s:15:14:15:36":2,"s:16:21:16:53":3,"s:17:18:17:47":4,"s:18:8:18:42":5,"s:20:16:20:Infinity":6,"b:20:42:20:62:20:62:20:Infinity":0,"s:22:2:31:Infinity":7,"f:22:2:22:18":1,"b:23:4:23:Infinity:undefined:undefined:undefined:undefined":1,"s:23:4:23:Infinity":8,"s:23:15:23:Infinity":9,"s:24:10:26:Infinity":10,"f:24:10:24:25":2,"b:25:6:26:Infinity:undefined:undefined:undefined:undefined":2,"s:25:6:26:Infinity":11,"b:25:10:25:25:25:25:25:64":3,"s:26:8:26:Infinity":12,"s:29:4:29:Infinity":13,"s:30:4:30:Infinity":14,"f:30:4:30:17":3,"s:30:17:30:71":15,"s:33:2:41:Infinity":16,"f:33:2:33:18":4,"b:34:4:39:Infinity:undefined:undefined:undefined:undefined":4,"s:34:4:39:Infinity":17,"s:35:6:35:Infinity":18,"s:36:6:36:Infinity":19,"s:37:6:37:Infinity":20,"s:38:6:38:Infinity":21,"s:39:6:39:Infinity":22,"s:43:8:45:Infinity":23,"f:43:8:43:28":5,"s:44:19:44:54":24,"s:45:4:45:Infinity":25,"s:48:8:51:Infinity":26,"f:48:8:48:24":6,"s:49:19:49:53":27,"b:50:4:50:Infinity:undefined:undefined:undefined:undefined":5,"s:50:4:50:Infinity":28,"s:50:28:50:Infinity":29,"s:51:4:51:Infinity":30,"s:54:20:62:Infinity":31,"f:54:20:54:32":7,"s:55:4:55:Infinity":32,"s:57:4:57:Infinity":33,"f:57:14:57:22":8,"s:57:27:57:46":34,"s:58:4:58:Infinity":35,"s:59:4:59:Infinity":36,"s:60:4:62:Infinity":37,"f:60:4:60:21":9,"s:61:6:61:Infinity":38,"s:65:2:215:Infinity":39,"b:67:7:67:Infinity:68:8:215:Infinity":6,"b:101:47:101:66:101:66:101:Infinity":7,"b:114:14:131:15:131:14:209:Infinity":8,"f:159:22:159:32":10,"s:159:37:159:84":40,"f:171:24:171:34":11,"s:171:39:171:78":41,"f:182:24:182:34":12,"s:182:39:182:92":42,"b:195:45:195:70:195:70:195:Infinity":9,"b:198:44:198:53:198:53:198:Infinity":10,"b:201:32:201:50:201:50:201:Infinity":11}}}
,"/Users/qdnguyen/dev/playground/bandiAI/frontend/src/pages/AgentDetail.tsx": {"path":"/Users/qdnguyen/dev/playground/bandiAI/frontend/src/pages/AgentDetail.tsx","statementMap":{"0":{"start":{"line":15,"column":14},"end":{"line":15,"column":null}},"1":{"start":{"line":16,"column":2},"end":{"line":23,"column":null}},"2":{"start":{"line":19,"column":8},"end":{"line":21,"column":null}},"3":{"start":{"line":29,"column":10},"end":{"line":29,"column":44}},"4":{"start":{"line":30,"column":8},"end":{"line":30,"column":32}},"5":{"start":{"line":31,"column":10},"end":{"line":31,"column":28}},"6":{"start":{"line":32,"column":16},"end":{"line":32,"column":56}},"7":{"start":{"line":33,"column":18},"end":{"line":33,"column":46}},"8":{"start":{"line":34,"column":21},"end":{"line":34,"column":53}},"9":{"start":{"line":35,"column":18},"end":{"line":35,"column":44}},"10":{"start":{"line":36,"column":18},"end":{"line":36,"column":61}},"11":{"start":{"line":37,"column":25},"end":{"line":37,"column":61}},"12":{"start":{"line":38,"column":23},"end":{"line":38,"column":71}},"13":{"start":{"line":39,"column":22},"end":{"line":39,"column":55}},"14":{"start":{"line":40,"column":8},"end":{"line":40,"column":49}},"15":{"start":{"line":41,"column":21},"end":{"line":41,"column":76}},"16":{"start":{"line":42,"column":21},"end":{"line":42,"column":49}},"17":{"start":{"line":43,"column":24},"end":{"line":43,"column":59}},"18":{"start":{"line":44,"column":8},"end":{"line":44,"column":49}},"19":{"start":{"line":47,"column":19},"end":{"line":47,"column":49}},"20":{"start":{"line":48,"column":23},"end":{"line":48,"column":57}},"21":{"start":{"line":49,"column":22},"end":{"line":49,"column":87}},"22":{"start":{"line":50,"column":23},"end":{"line":50,"column":73}},"23":{"start":{"line":51,"column":25},"end":{"line":51,"column":83}},"24":{"start":{"line":53,"column":2},"end":{"line":62,"column":null}},"25":{"start":{"line":54,"column":4},"end":{"line":54,"column":null}},"26":{"start":{"line":54,"column":22},"end":{"line":54,"column":null}},"27":{"start":{"line":55,"column":10},"end":{"line":57,"column":null}},"28":{"start":{"line":56,"column":6},"end":{"line":57,"column":null}},"29":{"start":{"line":57,"column":8},"end":{"line":57,"column":null}},"30":{"start":{"line":60,"column":4},"end":{"line":60,"column":null}},"31":{"start":{"line":61,"column":4},"end":{"line":61,"column":null}},"32":{"start":{"line":61,"column":17},"end":{"line":61,"column":71}},"33":{"start":{"line":64,"column":2},"end":{"line":75,"column":null}},"34":{"start":{"line":65,"column":4},"end":{"line":65,"column":null}},"35":{"start":{"line":65,"column":13},"end":{"line":65,"column":null}},"36":{"start":{"line":66,"column":4},"end":{"line":74,"column":null}},"37":{"start":{"line":70,"column":21},"end":{"line":70,"column":63}},"38":{"start":{"line":70,"column":43},"end":{"line":70,"column":62}},"39":{"start":{"line":71,"column":8},"end":{"line":72,"column":null}},"40":{"start":{"line":71,"column":18},"end":{"line":71,"column":null}},"41":{"start":{"line":72,"column":13},"end":{"line":72,"column":null}},"42":{"start":{"line":74,"column":21},"end":{"line":74,"column":38}},"43":{"start":{"line":77,"column":2},"end":{"line":84,"column":null}},"44":{"start":{"line":78,"column":4},"end":{"line":78,"column":null}},"45":{"start":{"line":78,"column":16},"end":{"line":78,"column":null}},"46":{"start":{"line":79,"column":4},"end":{"line":79,"column":null}},"47":{"start":{"line":80,"column":4},"end":{"line":83,"column":null}},"48":{"start":{"line":83,"column":21},"end":{"line":83,"column":44}},"49":{"start":{"line":87,"column":2},"end":{"line":95,"column":null}},"50":{"start":{"line":88,"column":4},"end":{"line":90,"column":null}},"51":{"start":{"line":89,"column":6},"end":{"line":89,"column":null}},"52":{"start":{"line":90,"column":6},"end":{"line":90,"column":null}},"53":{"start":{"line":92,"column":4},"end":{"line":94,"column":null}},"54":{"start":{"line":94,"column":19},"end":{"line":94,"column":42}},"55":{"start":{"line":97,"column":8},"end":{"line":99,"column":null}},"56":{"start":{"line":98,"column":4},"end":{"line":98,"column":null}},"57":{"start":{"line":99,"column":4},"end":{"line":99,"column":null}},"58":{"start":{"line":102,"column":25},"end":{"line":112,"column":null}},"59":{"start":{"line":103,"column":4},"end":{"line":103,"column":null}},"60":{"start":{"line":103,"column":16},"end":{"line":103,"column":null}},"61":{"start":{"line":106,"column":4},"end":{"line":109,"column":null}},"62":{"start":{"line":107,"column":6},"end":{"line":107,"column":null}},"63":{"start":{"line":108,"column":6},"end":{"line":108,"column":null}},"64":{"start":{"line":109,"column":6},"end":{"line":109,"column":null}},"65":{"start":{"line":112,"column":4},"end":{"line":112,"column":null}},"66":{"start":{"line":115,"column":26},"end":{"line":137,"column":null}},"67":{"start":{"line":116,"column":4},"end":{"line":116,"column":null}},"68":{"start":{"line":116,"column":16},"end":{"line":116,"column":null}},"69":{"start":{"line":117,"column":4},"end":{"line":117,"column":null}},"70":{"start":{"line":118,"column":4},"end":{"line":137,"column":null}},"71":{"start":{"line":119,"column":18},"end":{"line":119,"column":54}},"72":{"start":{"line":120,"column":6},"end":{"line":123,"column":null}},"73":{"start":{"line":122,"column":8},"end":{"line":122,"column":null}},"74":{"start":{"line":123,"column":8},"end":{"line":123,"column":null}},"75":{"start":{"line":125,"column":6},"end":{"line":132,"column":null}},"76":{"start":{"line":126,"column":8},"end":{"line":126,"column":null}},"77":{"start":{"line":128,"column":8},"end":{"line":128,"column":null}},"78":{"start":{"line":131,"column":8},"end":{"line":131,"column":null}},"79":{"start":{"line":132,"column":8},"end":{"line":132,"column":null}},"80":{"start":{"line":135,"column":6},"end":{"line":135,"column":null}},"81":{"start":{"line":137,"column":6},"end":{"line":137,"column":null}},"82":{"start":{"line":141,"column":8},"end":{"line":145,"column":null}},"83":{"start":{"line":142,"column":4},"end":{"line":145,"column":null}},"84":{"start":{"line":143,"column":19},"end":{"line":143,"column":null}},"85":{"start":{"line":144,"column":6},"end":{"line":144,"column":null}},"86":{"start":{"line":145,"column":6},"end":{"line":145,"column":null}},"87":{"start":{"line":149,"column":24},"end":{"line":164,"column":null}},"88":{"start":{"line":150,"column":4},"end":{"line":150,"column":null}},"89":{"start":{"line":150,"column":34},"end":{"line":150,"column":null}},"90":{"start":{"line":151,"column":4},"end":{"line":153,"column":null}},"91":{"start":{"line":152,"column":6},"end":{"line":152,"column":null}},"92":{"start":{"line":152,"column":29},"end":{"line":152,"column":35}},"93":{"start":{"line":153,"column":6},"end":{"line":153,"column":null}},"94":{"start":{"line":155,"column":4},"end":{"line":155,"column":null}},"95":{"start":{"line":156,"column":4},"end":{"line":156,"column":null}},"96":{"start":{"line":157,"column":4},"end":{"line":157,"column":null}},"97":{"start":{"line":158,"column":4},"end":{"line":164,"column":null}},"98":{"start":{"line":159,"column":21},"end":{"line":159,"column":107}},"99":{"start":{"line":160,"column":6},"end":{"line":160,"column":null}},"100":{"start":{"line":162,"column":6},"end":{"line":162,"column":null}},"101":{"start":{"line":164,"column":6},"end":{"line":164,"column":null}},"102":{"start":{"line":168,"column":2},"end":{"line":172,"column":null}},"103":{"start":{"line":169,"column":4},"end":{"line":172,"column":null}},"104":{"start":{"line":176,"column":2},"end":{"line":176,"column":null}},"105":{"start":{"line":176,"column":14},"end":{"line":176,"column":null}},"106":{"start":{"line":178,"column":2},"end":{"line":499,"column":null}},"107":{"start":{"line":183,"column":25},"end":{"line":183,"column":38}},"108":{"start":{"line":258,"column":14},"end":{"line":265,"column":null}},"109":{"start":{"line":301,"column":33},"end":{"line":301,"column":54}},"110":{"start":{"line":310,"column":33},"end":{"line":310,"column":55}},"111":{"start":{"line":320,"column":35},"end":{"line":320,"column":58}},"112":{"start":{"line":369,"column":37},"end":{"line":369,"column":58}},"113":{"start":{"line":378,"column":36},"end":{"line":378,"column":55}},"114":{"start":{"line":435,"column":20},"end":{"line":458,"column":null}},"115":{"start":{"line":482,"column":25},"end":{"line":482,"column":45}},"116":{"start":{"line":482,"column":45},"end":{"line":482,"column":null}},"117":{"start":{"line":491,"column":25},"end":{"line":491,"column":47}},"118":{"start":{"line":493,"column":12},"end":{"line":493,"column":null}},"119":{"start":{"line":494,"column":12},"end":{"line":494,"column":null}},"120":{"start":{"line":495,"column":12},"end":{"line":495,"column":null}},"121":{"start":{"line":495,"column":23},"end":{"line":495,"column":null}},"122":{"start":{"line":516,"column":21},"end":{"line":516,"column":45}},"123":{"start":{"line":519,"column":41},"end":{"line":519,"column":43}},"124":{"start":{"line":520,"column":2},"end":{"line":524,"column":null}},"125":{"start":{"line":520,"column":15},"end":{"line":520,"column":18}},"126":{"start":{"line":521,"column":4},"end":{"line":524,"column":null}},"127":{"start":{"line":522,"column":6},"end":{"line":522,"column":null}},"128":{"start":{"line":523,"column":15},"end":{"line":524,"column":null}},"129":{"start":{"line":524,"column":6},"end":{"line":524,"column":null}},"130":{"start":{"line":528,"column":2},"end":{"line":576,"column":null}},"131":{"start":{"line":532,"column":23},"end":{"line":532,"column":45}},"132":{"start":{"line":541,"column":8},"end":{"line":564,"column":null}},"133":{"start":{"line":546,"column":27},"end":{"line":546,"column":42}},"134":{"start":{"line":570,"column":23},"end":{"line":570,"column":45}}},"fnMap":{"0":{"name":"StarRating","decl":{"start":{"line":14,"column":9},"end":{"line":14,"column":20}},"loc":{"start":{"line":14,"column":85},"end":{"line":23,"column":null}},"line":14},"1":{"name":"(anonymous_1)","decl":{"start":{"line":18,"column":23},"end":{"line":18,"column":27}},"loc":{"start":{"line":19,"column":8},"end":{"line":21,"column":null}},"line":19},"2":{"name":"AgentDetail","decl":{"start":{"line":28,"column":24},"end":{"line":28,"column":38}},"loc":{"start":{"line":28,"column":38},"end":{"line":499,"column":null}},"line":28},"3":{"name":"(anonymous_3)","decl":{"start":{"line":53,"column":2},"end":{"line":53,"column":18}},"loc":{"start":{"line":53,"column":18},"end":{"line":62,"column":6}},"line":53},"4":{"name":"(anonymous_4)","decl":{"start":{"line":55,"column":10},"end":{"line":55,"column":25}},"loc":{"start":{"line":55,"column":43},"end":{"line":57,"column":null}},"line":55},"5":{"name":"(anonymous_5)","decl":{"start":{"line":61,"column":4},"end":{"line":61,"column":17}},"loc":{"start":{"line":61,"column":17},"end":{"line":61,"column":71}},"line":61},"6":{"name":"(anonymous_6)","decl":{"start":{"line":64,"column":2},"end":{"line":64,"column":18}},"loc":{"start":{"line":64,"column":18},"end":{"line":75,"column":6}},"line":64},"7":{"name":"(anonymous_7)","decl":{"start":{"line":68,"column":7},"end":{"line":68,"column":19}},"loc":{"start":{"line":68,"column":19},"end":{"line":73,"column":null}},"line":68},"8":{"name":"(anonymous_8)","decl":{"start":{"line":70,"column":33},"end":{"line":70,"column":38}},"loc":{"start":{"line":70,"column":43},"end":{"line":70,"column":62}},"line":70},"9":{"name":"(anonymous_9)","decl":{"start":{"line":74,"column":7},"end":{"line":74,"column":21}},"loc":{"start":{"line":74,"column":21},"end":{"line":74,"column":38}},"line":74},"10":{"name":"(anonymous_10)","decl":{"start":{"line":77,"column":2},"end":{"line":77,"column":18}},"loc":{"start":{"line":77,"column":18},"end":{"line":84,"column":6}},"line":77},"11":{"name":"(anonymous_11)","decl":{"start":{"line":82,"column":7},"end":{"line":82,"column":19}},"loc":{"start":{"line":82,"column":19},"end":{"line":82,"column":22}},"line":82},"12":{"name":"(anonymous_12)","decl":{"start":{"line":83,"column":7},"end":{"line":83,"column":21}},"loc":{"start":{"line":83,"column":21},"end":{"line":83,"column":44}},"line":83},"13":{"name":"(anonymous_13)","decl":{"start":{"line":87,"column":2},"end":{"line":87,"column":18}},"loc":{"start":{"line":87,"column":18},"end":{"line":95,"column":6}},"line":87},"14":{"name":"(anonymous_14)","decl":{"start":{"line":94,"column":7},"end":{"line":94,"column":19}},"loc":{"start":{"line":94,"column":19},"end":{"line":94,"column":42}},"line":94},"15":{"name":"(anonymous_15)","decl":{"start":{"line":97,"column":8},"end":{"line":97,"column":28}},"loc":{"start":{"line":97,"column":45},"end":{"line":99,"column":null}},"line":97},"16":{"name":"(anonymous_16)","decl":{"start":{"line":102,"column":25},"end":{"line":102,"column":32}},"loc":{"start":{"line":102,"column":67},"end":{"line":112,"column":null}},"line":102},"17":{"name":"(anonymous_17)","decl":{"start":{"line":115,"column":26},"end":{"line":115,"column":33}},"loc":{"start":{"line":115,"column":68},"end":{"line":137,"column":null}},"line":115},"18":{"name":"(anonymous_18)","decl":{"start":{"line":128,"column":62},"end":{"line":128,"column":74}},"loc":{"start":{"line":128,"column":74},"end":{"line":128,"column":77}},"line":128},"19":{"name":"(anonymous_19)","decl":{"start":{"line":141,"column":8},"end":{"line":141,"column":34}},"loc":{"start":{"line":141,"column":34},"end":{"line":145,"column":null}},"line":141},"20":{"name":"(anonymous_20)","decl":{"start":{"line":149,"column":24},"end":{"line":149,"column":36}},"loc":{"start":{"line":149,"column":36},"end":{"line":164,"column":null}},"line":149},"21":{"name":"(anonymous_21)","decl":{"start":{"line":152,"column":6},"end":{"line":152,"column":21}},"loc":{"start":{"line":152,"column":29},"end":{"line":152,"column":35}},"line":152},"22":{"name":"(anonymous_22)","decl":{"start":{"line":183,"column":10},"end":{"line":183,"column":25}},"loc":{"start":{"line":183,"column":25},"end":{"line":183,"column":38}},"line":183},"23":{"name":"(anonymous_23)","decl":{"start":{"line":257,"column":14},"end":{"line":257,"column":18}},"loc":{"start":{"line":258,"column":14},"end":{"line":265,"column":null}},"line":258},"24":{"name":"(anonymous_24)","decl":{"start":{"line":301,"column":18},"end":{"line":301,"column":33}},"loc":{"start":{"line":301,"column":33},"end":{"line":301,"column":54}},"line":301},"25":{"name":"(anonymous_25)","decl":{"start":{"line":310,"column":18},"end":{"line":310,"column":33}},"loc":{"start":{"line":310,"column":33},"end":{"line":310,"column":55}},"line":310},"26":{"name":"(anonymous_26)","decl":{"start":{"line":320,"column":20},"end":{"line":320,"column":35}},"loc":{"start":{"line":320,"column":35},"end":{"line":320,"column":58}},"line":320},"27":{"name":"(anonymous_27)","decl":{"start":{"line":369,"column":22},"end":{"line":369,"column":37}},"loc":{"start":{"line":369,"column":37},"end":{"line":369,"column":58}},"line":369},"28":{"name":"(anonymous_28)","decl":{"start":{"line":378,"column":22},"end":{"line":378,"column":31}},"loc":{"start":{"line":378,"column":36},"end":{"line":378,"column":55}},"line":378},"29":{"name":"(anonymous_29)","decl":{"start":{"line":434,"column":38},"end":{"line":434,"column":42}},"loc":{"start":{"line":435,"column":20},"end":{"line":458,"column":null}},"line":435},"30":{"name":"(anonymous_30)","decl":{"start":{"line":482,"column":8},"end":{"line":482,"column":23}},"loc":{"start":{"line":482,"column":23},"end":{"line":482,"column":null}},"line":482},"31":{"name":"(anonymous_31)","decl":{"start":{"line":491,"column":10},"end":{"line":491,"column":25}},"loc":{"start":{"line":491,"column":25},"end":{"line":491,"column":47}},"line":491},"32":{"name":"(anonymous_32)","decl":{"start":{"line":492,"column":10},"end":{"line":492,"column":27}},"loc":{"start":{"line":492,"column":27},"end":{"line":495,"column":null}},"line":492},"33":{"name":"(anonymous_33)","decl":{"start":{"line":495,"column":77},"end":{"line":495,"column":89}},"loc":{"start":{"line":495,"column":89},"end":{"line":495,"column":92}},"line":495},"34":{"name":"ReviewPagination","decl":{"start":{"line":505,"column":9},"end":{"line":505,"column":26}},"loc":{"start":{"line":515,"column":3},"end":{"line":576,"column":null}},"line":515},"35":{"name":"(anonymous_35)","decl":{"start":{"line":532,"column":8},"end":{"line":532,"column":23}},"loc":{"start":{"line":532,"column":23},"end":{"line":532,"column":45}},"line":532},"36":{"name":"(anonymous_36)","decl":{"start":{"line":540,"column":13},"end":{"line":540,"column":18}},"loc":{"start":{"line":541,"column":8},"end":{"line":564,"column":null}},"line":541},"37":{"name":"(anonymous_37)","decl":{"start":{"line":546,"column":12},"end":{"line":546,"column":27}},"loc":{"start":{"line":546,"column":27},"end":{"line":546,"column":42}},"line":546},"38":{"name":"(anonymous_38)","decl":{"start":{"line":570,"column":8},"end":{"line":570,"column":23}},"loc":{"start":{"line":570,"column":23},"end":{"line":570,"column":45}},"line":570}},"branchMap":{"0":{"loc":{"start":{"line":14,"column":30},"end":{"line":14,"column":85}},"type":"default-arg","locations":[{"start":{"line":14,"column":37},"end":{"line":14,"column":85}}],"line":14},"1":{"loc":{"start":{"line":15,"column":14},"end":{"line":15,"column":null}},"type":"cond-expr","locations":[{"start":{"line":15,"column":30},"end":{"line":15,"column":42}},{"start":{"line":15,"column":42},"end":{"line":15,"column":null}}],"line":15},"2":{"loc":{"start":{"line":19,"column":66},"end":{"line":19,"column":null}},"type":"cond-expr","locations":[{"start":{"line":19,"column":95},"end":{"line":19,"column":107}},{"start":{"line":19,"column":107},"end":{"line":19,"column":null}}],"line":19},"3":{"loc":{"start":{"line":54,"column":4},"end":{"line":54,"column":null}},"type":"if","locations":[{"start":{"line":54,"column":4},"end":{"line":54,"column":null}},{"start":{},"end":{}}],"line":54},"4":{"loc":{"start":{"line":56,"column":6},"end":{"line":57,"column":null}},"type":"if","locations":[{"start":{"line":56,"column":6},"end":{"line":57,"column":null}},{"start":{},"end":{}}],"line":56},"5":{"loc":{"start":{"line":56,"column":10},"end":{"line":56,"column":78}},"type":"binary-expr","locations":[{"start":{"line":56,"column":10},"end":{"line":56,"column":32}},{"start":{"line":56,"column":32},"end":{"line":56,"column":78}}],"line":56},"6":{"loc":{"start":{"line":65,"column":4},"end":{"line":65,"column":null}},"type":"if","locations":[{"start":{"line":65,"column":4},"end":{"line":65,"column":null}},{"start":{},"end":{}}],"line":65},"7":{"loc":{"start":{"line":71,"column":8},"end":{"line":72,"column":null}},"type":"if","locations":[{"start":{"line":71,"column":8},"end":{"line":72,"column":null}},{"start":{"line":72,"column":13},"end":{"line":72,"column":null}}],"line":71},"8":{"loc":{"start":{"line":78,"column":4},"end":{"line":78,"column":null}},"type":"if","locations":[{"start":{"line":78,"column":4},"end":{"line":78,"column":null}},{"start":{},"end":{}}],"line":78},"9":{"loc":{"start":{"line":88,"column":4},"end":{"line":90,"column":null}},"type":"if","locations":[{"start":{"line":88,"column":4},"end":{"line":90,"column":null}},{"start":{},"end":{}}],"line":88},"10":{"loc":{"start":{"line":88,"column":8},"end":{"line":88,"column":25}},"type":"binary-expr","locations":[{"start":{"line":88,"column":8},"end":{"line":88,"column":18}},{"start":{"line":88,"column":18},"end":{"line":88,"column":25}}],"line":88},"11":{"loc":{"start":{"line":103,"column":4},"end":{"line":103,"column":null}},"type":"if","locations":[{"start":{"line":103,"column":4},"end":{"line":103,"column":null}},{"start":{},"end":{}}],"line":103},"12":{"loc":{"start":{"line":106,"column":4},"end":{"line":109,"column":null}},"type":"if","locations":[{"start":{"line":106,"column":4},"end":{"line":109,"column":null}},{"start":{},"end":{}}],"line":106},"13":{"loc":{"start":{"line":116,"column":4},"end":{"line":116,"column":null}},"type":"if","locations":[{"start":{"line":116,"column":4},"end":{"line":116,"column":null}},{"start":{},"end":{}}],"line":116},"14":{"loc":{"start":{"line":120,"column":6},"end":{"line":123,"column":null}},"type":"if","locations":[{"start":{"line":120,"column":6},"end":{"line":123,"column":null}},{"start":{},"end":{}}],"line":120},"15":{"loc":{"start":{"line":125,"column":6},"end":{"line":132,"column":null}},"type":"if","locations":[{"start":{"line":125,"column":6},"end":{"line":132,"column":null}},{"start":{"line":129,"column":13},"end":{"line":132,"column":null}}],"line":125},"16":{"loc":{"start":{"line":135,"column":17},"end":{"line":135,"column":72}},"type":"cond-expr","locations":[{"start":{"line":135,"column":40},"end":{"line":135,"column":54}},{"start":{"line":135,"column":54},"end":{"line":135,"column":72}}],"line":135},"17":{"loc":{"start":{"line":142,"column":4},"end":{"line":145,"column":null}},"type":"if","locations":[{"start":{"line":142,"column":4},"end":{"line":145,"column":null}},{"start":{},"end":{}}],"line":142},"18":{"loc":{"start":{"line":150,"column":4},"end":{"line":150,"column":null}},"type":"if","locations":[{"start":{"line":150,"column":4},"end":{"line":150,"column":null}},{"start":{},"end":{}}],"line":150},"19":{"loc":{"start":{"line":150,"column":8},"end":{"line":150,"column":34}},"type":"binary-expr","locations":[{"start":{"line":150,"column":8},"end":{"line":150,"column":18}},{"start":{"line":150,"column":18},"end":{"line":150,"column":34}}],"line":150},"20":{"loc":{"start":{"line":151,"column":4},"end":{"line":153,"column":null}},"type":"if","locations":[{"start":{"line":151,"column":4},"end":{"line":153,"column":null}},{"start":{},"end":{}}],"line":151},"21":{"loc":{"start":{"line":162,"column":22},"end":{"line":162,"column":88}},"type":"cond-expr","locations":[{"start":{"line":162,"column":45},"end":{"line":162,"column":59}},{"start":{"line":162,"column":59},"end":{"line":162,"column":88}}],"line":162},"22":{"loc":{"start":{"line":168,"column":2},"end":{"line":172,"column":null}},"type":"if","locations":[{"start":{"line":168,"column":2},"end":{"line":172,"column":null}},{"start":{},"end":{}}],"line":168},"23":{"loc":{"start":{"line":176,"column":2},"end":{"line":176,"column":null}},"type":"if","locations":[{"start":{"line":176,"column":2},"end":{"line":176,"column":null}},{"start":{},"end":{}}],"line":176},"24":{"loc":{"start":{"line":226,"column":17},"end":{"line":237,"column":null}},"type":"binary-expr","locations":[{"start":{"line":226,"column":17},"end":{"line":226,"column":null}},{"start":{"line":227,"column":18},"end":{"line":237,"column":null}}],"line":226},"25":{"loc":{"start":{"line":276,"column":13},"end":{"line":333,"column":null}},"type":"cond-expr","locations":[{"start":{"line":277,"column":14},"end":{"line":297,"column":null}},{"start":{"line":297,"column":14},"end":{"line":333,"column":null}}],"line":276},"26":{"loc":{"start":{"line":289,"column":17},"end":{"line":289,"column":null}},"type":"cond-expr","locations":[{"start":{"line":289,"column":58},"end":{"line":289,"column":72}},{"start":{"line":289,"column":72},"end":{"line":289,"column":null}}],"line":289},"27":{"loc":{"start":{"line":289,"column":72},"end":{"line":289,"column":null}},"type":"cond-expr","locations":[{"start":{"line":289,"column":114},"end":{"line":289,"column":125}},{"start":{"line":289,"column":125},"end":{"line":289,"column":null}}],"line":289},"28":{"loc":{"start":{"line":290,"column":17},"end":{"line":292,"column":null}},"type":"binary-expr","locations":[{"start":{"line":290,"column":17},"end":{"line":290,"column":null}},{"start":{"line":291,"column":18},"end":{"line":292,"column":null}}],"line":290},"29":{"loc":{"start":{"line":316,"column":17},"end":{"line":331,"column":null}},"type":"binary-expr","locations":[{"start":{"line":316,"column":17},"end":{"line":316,"column":null}},{"start":{"line":317,"column":18},"end":{"line":331,"column":null}}],"line":316},"30":{"loc":{"start":{"line":345,"column":30},"end":{"line":345,"column":null}},"type":"cond-expr","locations":[{"start":{"line":345,"column":47},"end":{"line":345,"column":72}},{"start":{"line":345,"column":72},"end":{"line":345,"column":null}}],"line":345},"31":{"loc":{"start":{"line":349,"column":17},"end":{"line":349,"column":null}},"type":"cond-expr","locations":[{"start":{"line":349,"column":34},"end":{"line":349,"column":52}},{"start":{"line":349,"column":52},"end":{"line":349,"column":null}}],"line":349},"32":{"loc":{"start":{"line":354,"column":17},"end":{"line":392,"column":null}},"type":"binary-expr","locations":[{"start":{"line":354,"column":17},"end":{"line":354,"column":null}},{"start":{"line":355,"column":18},"end":{"line":392,"column":null}}],"line":354},"33":{"loc":{"start":{"line":380,"column":23},"end":{"line":381,"column":null}},"type":"binary-expr","locations":[{"start":{"line":380,"column":23},"end":{"line":380,"column":null}},{"start":{"line":381,"column":24},"end":{"line":381,"column":null}}],"line":380},"34":{"loc":{"start":{"line":383,"column":23},"end":{"line":384,"column":null}},"type":"binary-expr","locations":[{"start":{"line":383,"column":23},"end":{"line":383,"column":null}},{"start":{"line":384,"column":24},"end":{"line":384,"column":null}}],"line":383},"35":{"loc":{"start":{"line":386,"column":23},"end":{"line":387,"column":null}},"type":"binary-expr","locations":[{"start":{"line":386,"column":23},"end":{"line":386,"column":null}},{"start":{"line":387,"column":24},"end":{"line":387,"column":null}}],"line":386},"36":{"loc":{"start":{"line":397,"column":11},"end":{"line":409,"column":null}},"type":"binary-expr","locations":[{"start":{"line":397,"column":11},"end":{"line":397,"column":null}},{"start":{"line":398,"column":12},"end":{"line":409,"column":null}}],"line":397},"37":{"loc":{"start":{"line":414,"column":9},"end":{"line":473,"column":null}},"type":"binary-expr","locations":[{"start":{"line":414,"column":9},"end":{"line":414,"column":null}},{"start":{"line":415,"column":10},"end":{"line":473,"column":null}}],"line":414},"38":{"loc":{"start":{"line":429,"column":13},"end":{"line":473,"column":null}},"type":"cond-expr","locations":[{"start":{"line":430,"column":14},"end":{"line":431,"column":30}},{"start":{"line":431,"column":16},"end":{"line":473,"column":null}}],"line":429},"39":{"loc":{"start":{"line":431,"column":16},"end":{"line":473,"column":null}},"type":"cond-expr","locations":[{"start":{"line":432,"column":14},"end":{"line":471,"column":null}},{"start":{"line":473,"column":14},"end":{"line":473,"column":null}}],"line":431},"40":{"loc":{"start":{"line":431,"column":16},"end":{"line":431,"column":null}},"type":"binary-expr","locations":[{"start":{"line":431,"column":16},"end":{"line":431,"column":30}},{"start":{"line":431,"column":30},"end":{"line":431,"column":null}}],"line":431},"41":{"loc":{"start":{"line":463,"column":17},"end":{"line":471,"column":null}},"type":"binary-expr","locations":[{"start":{"line":463,"column":17},"end":{"line":463,"column":null}},{"start":{"line":464,"column":18},"end":{"line":471,"column":null}}],"line":463},"42":{"loc":{"start":{"line":488,"column":7},"end":{"line":499,"column":null}},"type":"binary-expr","locations":[{"start":{"line":488,"column":7},"end":{"line":488,"column":null}},{"start":{"line":489,"column":8},"end":{"line":499,"column":null}}],"line":488},"43":{"loc":{"start":{"line":495,"column":12},"end":{"line":495,"column":null}},"type":"if","locations":[{"start":{"line":495,"column":12},"end":{"line":495,"column":null}},{"start":{},"end":{}}],"line":495},"44":{"loc":{"start":{"line":521,"column":4},"end":{"line":524,"column":null}},"type":"if","locations":[{"start":{"line":521,"column":4},"end":{"line":524,"column":null}},{"start":{"line":523,"column":15},"end":{"line":524,"column":null}}],"line":521},"45":{"loc":{"start":{"line":521,"column":8},"end":{"line":521,"column":73}},"type":"binary-expr","locations":[{"start":{"line":521,"column":8},"end":{"line":521,"column":19}},{"start":{"line":521,"column":19},"end":{"line":521,"column":40}},{"start":{"line":521,"column":40},"end":{"line":521,"column":57}},{"start":{"line":521,"column":57},"end":{"line":521,"column":73}}],"line":521},"46":{"loc":{"start":{"line":523,"column":15},"end":{"line":524,"column":null}},"type":"if","locations":[{"start":{"line":523,"column":15},"end":{"line":524,"column":null}},{"start":{},"end":{}}],"line":523},"47":{"loc":{"start":{"line":541,"column":8},"end":{"line":564,"column":null}},"type":"cond-expr","locations":[{"start":{"line":542,"column":10},"end":{"line":542,"column":null}},{"start":{"line":544,"column":10},"end":{"line":564,"column":null}}],"line":541},"48":{"loc":{"start":{"line":549,"column":14},"end":{"line":560,"column":null}},"type":"cond-expr","locations":[{"start":{"line":550,"column":18},"end":{"line":555,"column":null}},{"start":{"line":556,"column":18},"end":{"line":560,"column":null}}],"line":549}},"s":{"0":51,"1":51,"2":255,"3":98,"4":98,"5":98,"6":98,"7":98,"8":98,"9":98,"10":98,"11":98,"12":98,"13":98,"14":98,"15":98,"16":98,"17":98,"18":98,"19":98,"20":98,"21":98,"22":98,"23":98,"24":98,"25":19,"26":18,"27":1,"28":0,"29":0,"30":1,"31":1,"32":1,"33":98,"34":18,"35":0,"36":18,"37":0,"38":0,"39":0,"40":0,"41":0,"42":17,"43":98,"44":36,"45":18,"46":18,"47":18,"48":18,"49":98,"50":35,"51":24,"52":24,"53":11,"54":0,"55":98,"56":1,"57":1,"58":98,"59":5,"60":0,"61":5,"62":2,"63":2,"64":2,"65":3,"66":98,"67":4,"68":0,"69":4,"70":4,"71":4,"72":4,"73":1,"74":1,"75":3,"76":1,"77":1,"78":2,"79":2,"80":0,"81":4,"82":98,"83":1,"84":1,"85":1,"86":1,"87":98,"88":1,"89":0,"90":1,"91":0,"92":0,"93":0,"94":1,"95":1,"96":1,"97":1,"98":1,"99":1,"100":0,"101":1,"102":98,"103":30,"104":67,"105":0,"106":67,"107":1,"108":402,"109":3,"110":1,"111":1,"112":0,"113":0,"114":22,"115":0,"116":0,"117":0,"118":0,"119":0,"120":0,"121":0,"122":5,"123":5,"124":5,"125":5,"126":15,"127":15,"128":0,"129":0,"130":5,"131":0,"132":15,"133":1,"134":0},"f":{"0":51,"1":255,"2":98,"3":19,"4":0,"5":1,"6":18,"7":0,"8":0,"9":17,"10":36,"11":0,"12":18,"13":35,"14":0,"15":1,"16":5,"17":4,"18":0,"19":1,"20":1,"21":0,"22":1,"23":402,"24":3,"25":1,"26":1,"27":0,"28":0,"29":22,"30":0,"31":0,"32":0,"33":0,"34":5,"35":0,"36":15,"37":1,"38":0},"b":{"0":[51],"1":[41,10],"2":[250,5],"3":[18,1],"4":[0,0],"5":[0,0],"6":[0,18],"7":[0,0],"8":[18,18],"9":[24,11],"10":[35,17],"11":[0,5],"12":[2,3],"13":[0,4],"14":[1,3],"15":[1,2],"16":[0,0],"17":[1,0],"18":[0,1],"19":[1,1],"20":[0,1],"21":[0,0],"22":[30,68],"23":[0,67],"24":[67,67],"25":[3,64],"26":[1,2],"27":[1,1],"28":[3,2],"29":[64,64],"30":[1,66],"31":[1,66],"32":[98,2],"33":[2,1],"34":[2,0],"35":[2,1],"36":[98,2],"37":[98,13],"38":[2,11],"39":[11,0],"40":[11,11],"41":[11,11],"42":[98,67],"43":[0,0],"44":[15,0],"45":[15,10,5,5],"46":[0,0],"47":[0,15],"48":[5,10]},"meta":{"lastBranch":49,"lastFunction":39,"lastStatement":135,"seen":{"f:14:9:14:20":0,"b:14:37:14:85":0,"s:15:14:15:Infinity":0,"b:15:30:15:42:15:42:15:Infinity":1,"s:16:2:23:Infinity":1,"f:18:23:18:27":1,"s:19:8:21:Infinity":2,"b:19:95:19:107:19:107:19:Infinity":2,"f:28:24:28:38":2,"s:29:10:29:44":3,"s:30:8:30:32":4,"s:31:10:31:28":5,"s:32:16:32:56":6,"s:33:18:33:46":7,"s:34:21:34:53":8,"s:35:18:35:44":9,"s:36:18:36:61":10,"s:37:25:37:61":11,"s:38:23:38:71":12,"s:39:22:39:55":13,"s:40:8:40:49":14,"s:41:21:41:76":15,"s:42:21:42:49":16,"s:43:24:43:59":17,"s:44:8:44:49":18,"s:47:19:47:49":19,"s:48:23:48:57":20,"s:49:22:49:87":21,"s:50:23:50:73":22,"s:51:25:51:83":23,"s:53:2:62:Infinity":24,"f:53:2:53:18":3,"b:54:4:54:Infinity:undefined:undefined:undefined:undefined":3,"s:54:4:54:Infinity":25,"s:54:22:54:Infinity":26,"s:55:10:57:Infinity":27,"f:55:10:55:25":4,"b:56:6:57:Infinity:undefined:undefined:undefined:undefined":4,"s:56:6:57:Infinity":28,"b:56:10:56:32:56:32:56:78":5,"s:57:8:57:Infinity":29,"s:60:4:60:Infinity":30,"s:61:4:61:Infinity":31,"f:61:4:61:17":5,"s:61:17:61:71":32,"s:64:2:75:Infinity":33,"f:64:2:64:18":6,"b:65:4:65:Infinity:undefined:undefined:undefined:undefined":6,"s:65:4:65:Infinity":34,"s:65:13:65:Infinity":35,"s:66:4:74:Infinity":36,"f:68:7:68:19":7,"s:70:21:70:63":37,"f:70:33:70:38":8,"s:70:43:70:62":38,"b:71:8:72:Infinity:72:13:72:Infinity":7,"s:71:8:72:Infinity":39,"s:71:18:71:Infinity":40,"s:72:13:72:Infinity":41,"f:74:7:74:21":9,"s:74:21:74:38":42,"s:77:2:84:Infinity":43,"f:77:2:77:18":10,"b:78:4:78:Infinity:undefined:undefined:undefined:undefined":8,"s:78:4:78:Infinity":44,"s:78:16:78:Infinity":45,"s:79:4:79:Infinity":46,"s:80:4:83:Infinity":47,"f:82:7:82:19":11,"f:83:7:83:21":12,"s:83:21:83:44":48,"s:87:2:95:Infinity":49,"f:87:2:87:18":13,"b:88:4:90:Infinity:undefined:undefined:undefined:undefined":9,"s:88:4:90:Infinity":50,"b:88:8:88:18:88:18:88:25":10,"s:89:6:89:Infinity":51,"s:90:6:90:Infinity":52,"s:92:4:94:Infinity":53,"f:94:7:94:19":14,"s:94:19:94:42":54,"s:97:8:99:Infinity":55,"f:97:8:97:28":15,"s:98:4:98:Infinity":56,"s:99:4:99:Infinity":57,"s:102:25:112:Infinity":58,"f:102:25:102:32":16,"b:103:4:103:Infinity:undefined:undefined:undefined:undefined":11,"s:103:4:103:Infinity":59,"s:103:16:103:Infinity":60,"b:106:4:109:Infinity:undefined:undefined:undefined:undefined":12,"s:106:4:109:Infinity":61,"s:107:6:107:Infinity":62,"s:108:6:108:Infinity":63,"s:109:6:109:Infinity":64,"s:112:4:112:Infinity":65,"s:115:26:137:Infinity":66,"f:115:26:115:33":17,"b:116:4:116:Infinity:undefined:undefined:undefined:undefined":13,"s:116:4:116:Infinity":67,"s:116:16:116:Infinity":68,"s:117:4:117:Infinity":69,"s:118:4:137:Infinity":70,"s:119:18:119:54":71,"b:120:6:123:Infinity:undefined:undefined:undefined:undefined":14,"s:120:6:123:Infinity":72,"s:122:8:122:Infinity":73,"s:123:8:123:Infinity":74,"b:125:6:132:Infinity:129:13:132:Infinity":15,"s:125:6:132:Infinity":75,"s:126:8:126:Infinity":76,"s:128:8:128:Infinity":77,"f:128:62:128:74":18,"s:131:8:131:Infinity":78,"s:132:8:132:Infinity":79,"s:135:6:135:Infinity":80,"b:135:40:135:54:135:54:135:72":16,"s:137:6:137:Infinity":81,"s:141:8:145:Infinity":82,"f:141:8:141:34":19,"b:142:4:145:Infinity:undefined:undefined:undefined:undefined":17,"s:142:4:145:Infinity":83,"s:143:19:143:Infinity":84,"s:144:6:144:Infinity":85,"s:145:6:145:Infinity":86,"s:149:24:164:Infinity":87,"f:149:24:149:36":20,"b:150:4:150:Infinity:undefined:undefined:undefined:undefined":18,"s:150:4:150:Infinity":88,"b:150:8:150:18:150:18:150:34":19,"s:150:34:150:Infinity":89,"b:151:4:153:Infinity:undefined:undefined:undefined:undefined":20,"s:151:4:153:Infinity":90,"s:152:6:152:Infinity":91,"f:152:6:152:21":21,"s:152:29:152:35":92,"s:153:6:153:Infinity":93,"s:155:4:155:Infinity":94,"s:156:4:156:Infinity":95,"s:157:4:157:Infinity":96,"s:158:4:164:Infinity":97,"s:159:21:159:107":98,"s:160:6:160:Infinity":99,"s:162:6:162:Infinity":100,"b:162:45:162:59:162:59:162:88":21,"s:164:6:164:Infinity":101,"b:168:2:172:Infinity:undefined:undefined:undefined:undefined":22,"s:168:2:172:Infinity":102,"s:169:4:172:Infinity":103,"b:176:2:176:Infinity:undefined:undefined:undefined:undefined":23,"s:176:2:176:Infinity":104,"s:176:14:176:Infinity":105,"s:178:2:499:Infinity":106,"f:183:10:183:25":22,"s:183:25:183:38":107,"b:226:17:226:Infinity:227:18:237:Infinity":24,"f:257:14:257:18":23,"s:258:14:265:Infinity":108,"b:277:14:297:Infinity:297:14:333:Infinity":25,"b:289:58:289:72:289:72:289:Infinity":26,"b:289:114:289:125:289:125:289:Infinity":27,"b:290:17:290:Infinity:291:18:292:Infinity":28,"f:301:18:301:33":24,"s:301:33:301:54":109,"f:310:18:310:33":25,"s:310:33:310:55":110,"b:316:17:316:Infinity:317:18:331:Infinity":29,"f:320:20:320:35":26,"s:320:35:320:58":111,"b:345:47:345:72:345:72:345:Infinity":30,"b:349:34:349:52:349:52:349:Infinity":31,"b:354:17:354:Infinity:355:18:392:Infinity":32,"f:369:22:369:37":27,"s:369:37:369:58":112,"f:378:22:378:31":28,"s:378:36:378:55":113,"b:380:23:380:Infinity:381:24:381:Infinity":33,"b:383:23:383:Infinity:384:24:384:Infinity":34,"b:386:23:386:Infinity:387:24:387:Infinity":35,"b:397:11:397:Infinity:398:12:409:Infinity":36,"b:414:9:414:Infinity:415:10:473:Infinity":37,"b:430:14:431:30:431:16:473:Infinity":38,"b:432:14:471:Infinity:473:14:473:Infinity":39,"b:431:16:431:30:431:30:431:Infinity":40,"f:434:38:434:42":29,"s:435:20:458:Infinity":114,"b:463:17:463:Infinity:464:18:471:Infinity":41,"f:482:8:482:23":30,"s:482:25:482:45":115,"s:482:45:482:Infinity":116,"b:488:7:488:Infinity:489:8:499:Infinity":42,"f:491:10:491:25":31,"s:491:25:491:47":117,"f:492:10:492:27":32,"s:493:12:493:Infinity":118,"s:494:12:494:Infinity":119,"b:495:12:495:Infinity:undefined:undefined:undefined:undefined":43,"s:495:12:495:Infinity":120,"s:495:23:495:Infinity":121,"f:495:77:495:89":33,"f:505:9:505:26":34,"s:516:21:516:45":122,"s:519:41:519:43":123,"s:520:2:524:Infinity":124,"s:520:15:520:18":125,"b:521:4:524:Infinity:523:15:524:Infinity":44,"s:521:4:524:Infinity":126,"b:521:8:521:19:521:19:521:40:521:40:521:57:521:57:521:73":45,"s:522:6:522:Infinity":127,"b:523:15:524:Infinity:undefined:undefined:undefined:undefined":46,"s:523:15:524:Infinity":128,"s:524:6:524:Infinity":129,"s:528:2:576:Infinity":130,"f:532:8:532:23":35,"s:532:23:532:45":131,"f:540:13:540:18":36,"s:541:8:564:Infinity":132,"b:542:10:542:Infinity:544:10:564:Infinity":47,"f:546:12:546:27":37,"s:546:27:546:42":133,"b:550:18:555:Infinity:556:18:560:Infinity":48,"f:570:8:570:23":38,"s:570:23:570:45":134}}}
}
